{"numTotalTestSuites":20,"numPassedTestSuites":20,"numFailedTestSuites":0,"numPendingTestSuites":0,"numTotalTests":57,"numPassedTests":57,"numFailedTests":0,"numPendingTests":0,"numTodoTests":0,"snapshot":{"added":0,"failure":false,"filesAdded":0,"filesRemoved":0,"filesRemovedList":[],"filesUnmatched":0,"filesUpdated":0,"matched":0,"total":0,"unchecked":0,"uncheckedKeysByFile":[],"unmatched":0,"updated":0,"didUpdate":false},"startTime":1754287537617,"success":true,"testResults":[{"assertionResults":[{"ancestorTitles":["Error Utilities","BaseError"],"fullName":"Error Utilities BaseError should create error with all properties","status":"passed","title":"should create error with all properties","duration":1.2545000000000073,"failureMessages":[],"meta":{}},{"ancestorTitles":["Error Utilities","BaseError"],"fullName":"Error Utilities BaseError should serialize to JSON correctly","status":"passed","title":"should serialize to JSON correctly","duration":3.0869169999999997,"failureMessages":[],"meta":{}},{"ancestorTitles":["Error Utilities","Specific Error Types"],"fullName":"Error Utilities Specific Error Types should create AuthError with correct defaults","status":"passed","title":"should create AuthError with correct defaults","duration":0.09354199999998514,"failureMessages":[],"meta":{}},{"ancestorTitles":["Error Utilities","Specific Error Types"],"fullName":"Error Utilities Specific Error Types should create ValidationError with field errors","status":"passed","title":"should create ValidationError with field errors","duration":0.11487500000001205,"failureMessages":[],"meta":{}},{"ancestorTitles":["Error Utilities","Specific Error Types"],"fullName":"Error Utilities Specific Error Types should create NotFoundError with resource info","status":"passed","title":"should create NotFoundError with resource info","duration":0.09120799999999463,"failureMessages":[],"meta":{}},{"ancestorTitles":["Error Utilities","Specific Error Types"],"fullName":"Error Utilities Specific Error Types should create PermissionError with correct status","status":"passed","title":"should create PermissionError with correct status","duration":0.06637500000002206,"failureMessages":[],"meta":{}},{"ancestorTitles":["Error Utilities","Specific Error Types"],"fullName":"Error Utilities Specific Error Types should create RateLimitError with retry info","status":"passed","title":"should create RateLimitError with retry info","duration":0.08937499999998977,"failureMessages":[],"meta":{}},{"ancestorTitles":["Error Utilities","Specific Error Types"],"fullName":"Error Utilities Specific Error Types should create DatabaseError with original error","status":"passed","title":"should create DatabaseError with original error","duration":0.0998750000000257,"failureMessages":[],"meta":{}},{"ancestorTitles":["Error Utilities","Specific Error Types"],"fullName":"Error Utilities Specific Error Types should create ExternalServiceError with service name","status":"passed","title":"should create ExternalServiceError with service name","duration":0.10999999999998522,"failureMessages":[],"meta":{}},{"ancestorTitles":["Error Utilities","Type Guards"],"fullName":"Error Utilities Type Guards should identify BaseError instances","status":"passed","title":"should identify BaseError instances","duration":0.101791999999989,"failureMessages":[],"meta":{}},{"ancestorTitles":["Error Utilities","Type Guards"],"fullName":"Error Utilities Type Guards should identify objects with error codes","status":"passed","title":"should identify objects with error codes","duration":0.10504200000002584,"failureMessages":[],"meta":{}},{"ancestorTitles":["Error Utilities","Result Helpers"],"fullName":"Error Utilities Result Helpers should create error result from BaseError","status":"passed","title":"should create error result from BaseError","duration":0.11633399999999483,"failureMessages":[],"meta":{}},{"ancestorTitles":["Error Utilities","Result Helpers"],"fullName":"Error Utilities Result Helpers should create error result from regular Error","status":"passed","title":"should create error result from regular Error","duration":0.05933400000000688,"failureMessages":[],"meta":{}},{"ancestorTitles":["Error Utilities","Result Helpers"],"fullName":"Error Utilities Result Helpers should create error result from unknown value","status":"passed","title":"should create error result from unknown value","duration":0.0417500000000075,"failureMessages":[],"meta":{}},{"ancestorTitles":["Error Utilities","Result Helpers"],"fullName":"Error Utilities Result Helpers should create success result","status":"passed","title":"should create success result","duration":0.05449999999999022,"failureMessages":[],"meta":{}},{"ancestorTitles":["Error Utilities","handleAsync"],"fullName":"Error Utilities handleAsync should handle successful async operations","status":"passed","title":"should handle successful async operations","duration":0.06570800000000077,"failureMessages":[],"meta":{}},{"ancestorTitles":["Error Utilities","handleAsync"],"fullName":"Error Utilities handleAsync should handle async errors","status":"passed","title":"should handle async errors","duration":0.08395799999999554,"failureMessages":[],"meta":{}},{"ancestorTitles":["Error Utilities","handleAsync"],"fullName":"Error Utilities handleAsync should handle rejected promises","status":"passed","title":"should handle rejected promises","duration":0.05808300000001054,"failureMessages":[],"meta":{}},{"ancestorTitles":["Error Utilities","serializeError"],"fullName":"Error Utilities serializeError should serialize BaseError correctly","status":"passed","title":"should serialize BaseError correctly","duration":0.17287500000000477,"failureMessages":[],"meta":{}},{"ancestorTitles":["Error Utilities","serializeError"],"fullName":"Error Utilities serializeError should serialize regular Error","status":"passed","title":"should serialize regular Error","duration":0.060291000000006534,"failureMessages":[],"meta":{}},{"ancestorTitles":["Error Utilities","serializeError"],"fullName":"Error Utilities serializeError should serialize non-error values","status":"passed","title":"should serialize non-error values","duration":0.06879100000000449,"failureMessages":[],"meta":{}},{"ancestorTitles":["Error Utilities","toError"],"fullName":"Error Utilities toError should return Error objects unchanged","status":"passed","title":"should return Error objects unchanged","duration":0.06374999999999886,"failureMessages":[],"meta":{}},{"ancestorTitles":["Error Utilities","toError"],"fullName":"Error Utilities toError should convert BaseError to Error","status":"passed","title":"should convert BaseError to Error","duration":0.05629199999998491,"failureMessages":[],"meta":{}},{"ancestorTitles":["Error Utilities","toError"],"fullName":"Error Utilities toError should convert strings to Error","status":"passed","title":"should convert strings to Error","duration":0.04550000000000409,"failureMessages":[],"meta":{}},{"ancestorTitles":["Error Utilities","toError"],"fullName":"Error Utilities toError should convert objects to Error","status":"passed","title":"should convert objects to Error","duration":0.04800000000000182,"failureMessages":[],"meta":{}},{"ancestorTitles":["Error Utilities","toError"],"fullName":"Error Utilities toError should handle null and undefined","status":"passed","title":"should handle null and undefined","duration":0.04879199999999173,"failureMessages":[],"meta":{}},{"ancestorTitles":["Error Utilities","toError"],"fullName":"Error Utilities toError should handle numbers and other primitives","status":"passed","title":"should handle numbers and other primitives","duration":0.04720899999998096,"failureMessages":[],"meta":{}}],"startTime":1754287537850,"endTime":1754287537856.1729,"status":"passed","message":"","name":"/Users/madengineering/ClaimGuardian/packages/utils/src/__tests__/errors.test.ts"},{"assertionResults":[{"ancestorTitles":["Formatting Utilities","formatPhoneNumber"],"fullName":"Formatting Utilities formatPhoneNumber should format 10-digit numbers correctly","status":"passed","title":"should format 10-digit numbers correctly","duration":0.7950419999999951,"failureMessages":[],"meta":{}},{"ancestorTitles":["Formatting Utilities","formatPhoneNumber"],"fullName":"Formatting Utilities formatPhoneNumber should handle numbers with existing formatting","status":"passed","title":"should handle numbers with existing formatting","duration":0.09699999999997999,"failureMessages":[],"meta":{}},{"ancestorTitles":["Formatting Utilities","formatPhoneNumber"],"fullName":"Formatting Utilities formatPhoneNumber should handle 11-digit numbers (truncated to 10)","status":"passed","title":"should handle 11-digit numbers (truncated to 10)","duration":0.06162499999999227,"failureMessages":[],"meta":{}},{"ancestorTitles":["Formatting Utilities","formatPhoneNumber"],"fullName":"Formatting Utilities formatPhoneNumber should handle partial numbers","status":"passed","title":"should handle partial numbers","duration":0.06670900000000302,"failureMessages":[],"meta":{}},{"ancestorTitles":["Formatting Utilities","formatPhoneNumber"],"fullName":"Formatting Utilities formatPhoneNumber should handle invalid input","status":"passed","title":"should handle invalid input","duration":0.0625,"failureMessages":[],"meta":{}},{"ancestorTitles":["Formatting Utilities","formatPhoneNumber"],"fullName":"Formatting Utilities formatPhoneNumber should remove non-digit characters","status":"passed","title":"should remove non-digit characters","duration":0.05245800000000145,"failureMessages":[],"meta":{}},{"ancestorTitles":["Formatting Utilities","formatCurrency"],"fullName":"Formatting Utilities formatCurrency should format positive numbers correctly","status":"passed","title":"should format positive numbers correctly","duration":11.900708000000009,"failureMessages":[],"meta":{}},{"ancestorTitles":["Formatting Utilities","formatCurrency"],"fullName":"Formatting Utilities formatCurrency should format negative numbers correctly","status":"passed","title":"should format negative numbers correctly","duration":0.16450000000000387,"failureMessages":[],"meta":{}},{"ancestorTitles":["Formatting Utilities","formatCurrency"],"fullName":"Formatting Utilities formatCurrency should handle whole numbers","status":"passed","title":"should handle whole numbers","duration":0.12304100000000062,"failureMessages":[],"meta":{}},{"ancestorTitles":["Formatting Utilities","formatCurrency"],"fullName":"Formatting Utilities formatCurrency should handle very small amounts","status":"passed","title":"should handle very small amounts","duration":0.10912500000000591,"failureMessages":[],"meta":{}},{"ancestorTitles":["Formatting Utilities","formatCurrency"],"fullName":"Formatting Utilities formatCurrency should handle large amounts","status":"passed","title":"should handle large amounts","duration":0.09729200000001015,"failureMessages":[],"meta":{}},{"ancestorTitles":["Formatting Utilities","formatCurrency"],"fullName":"Formatting Utilities formatCurrency should round to 2 decimal places","status":"passed","title":"should round to 2 decimal places","duration":0.09250000000000114,"failureMessages":[],"meta":{}},{"ancestorTitles":["Formatting Utilities","formatDate"],"fullName":"Formatting Utilities formatDate should format Date objects correctly","status":"passed","title":"should format Date objects correctly","duration":2.6783329999999808,"failureMessages":[],"meta":{}},{"ancestorTitles":["Formatting Utilities","formatDate"],"fullName":"Formatting Utilities formatDate should format ISO date strings correctly","status":"passed","title":"should format ISO date strings correctly","duration":0.24899999999999523,"failureMessages":[],"meta":{}},{"ancestorTitles":["Formatting Utilities","formatDate"],"fullName":"Formatting Utilities formatDate should handle different date formats","status":"passed","title":"should handle different date formats","duration":0.12950000000000728,"failureMessages":[],"meta":{}},{"ancestorTitles":["Formatting Utilities","formatDate"],"fullName":"Formatting Utilities formatDate should handle timestamps","status":"passed","title":"should handle timestamps","duration":0.07287500000001046,"failureMessages":[],"meta":{}},{"ancestorTitles":["Formatting Utilities","formatDate"],"fullName":"Formatting Utilities formatDate should handle invalid dates gracefully","status":"passed","title":"should handle invalid dates gracefully","duration":0.0413340000000062,"failureMessages":[],"meta":{}},{"ancestorTitles":["Formatting Utilities","formatDate"],"fullName":"Formatting Utilities formatDate should handle edge cases","status":"passed","title":"should handle edge cases","duration":0.1682909999999822,"failureMessages":[],"meta":{}},{"ancestorTitles":["Formatting Utilities","formatDate"],"fullName":"Formatting Utilities formatDate should handle timezone consistently","status":"passed","title":"should handle timezone consistently","duration":0.12000000000000455,"failureMessages":[],"meta":{}}],"startTime":1754287537851,"endTime":1754287537868.249,"status":"passed","message":"","name":"/Users/madengineering/ClaimGuardian/packages/utils/src/__tests__/formatting.test.ts"},{"assertionResults":[{"ancestorTitles":["Validation Utilities","validateRequired"],"fullName":"Validation Utilities validateRequired should return true for non-empty values","status":"passed","title":"should return true for non-empty values","duration":0.7934999999999945,"failureMessages":[],"meta":{}},{"ancestorTitles":["Validation Utilities","validateRequired"],"fullName":"Validation Utilities validateRequired should return false for empty values","status":"passed","title":"should return false for empty values","duration":0.1199579999999969,"failureMessages":[],"meta":{}},{"ancestorTitles":["Validation Utilities","validateRequired"],"fullName":"Validation Utilities validateRequired should handle whitespace strings","status":"passed","title":"should handle whitespace strings","duration":0.07070799999999622,"failureMessages":[],"meta":{}},{"ancestorTitles":["Validation Utilities","validateEmail"],"fullName":"Validation Utilities validateEmail should validate correct email formats","status":"passed","title":"should validate correct email formats","duration":0.17745899999999892,"failureMessages":[],"meta":{}},{"ancestorTitles":["Validation Utilities","validateEmail"],"fullName":"Validation Utilities validateEmail should reject invalid email formats","status":"passed","title":"should reject invalid email formats","duration":0.16583299999999213,"failureMessages":[],"meta":{}},{"ancestorTitles":["Validation Utilities","validatePhone"],"fullName":"Validation Utilities validatePhone should validate correct US phone number formats","status":"passed","title":"should validate correct US phone number formats","duration":0.16179100000002222,"failureMessages":[],"meta":{}},{"ancestorTitles":["Validation Utilities","validatePhone"],"fullName":"Validation Utilities validatePhone should reject invalid phone number formats","status":"passed","title":"should reject invalid phone number formats","duration":0.133041999999989,"failureMessages":[],"meta":{}},{"ancestorTitles":["Validation Utilities","validatePhone"],"fullName":"Validation Utilities validatePhone should handle phone numbers with different formatting","status":"passed","title":"should handle phone numbers with different formatting","duration":0.05633399999999256,"failureMessages":[],"meta":{}},{"ancestorTitles":["Validation Utilities","validatePassword"],"fullName":"Validation Utilities validatePassword should validate passwords with minimum 8 characters","status":"passed","title":"should validate passwords with minimum 8 characters","duration":0.09020800000001827,"failureMessages":[],"meta":{}},{"ancestorTitles":["Validation Utilities","validatePassword"],"fullName":"Validation Utilities validatePassword should reject passwords under 8 characters","status":"passed","title":"should reject passwords under 8 characters","duration":0.062374999999974534,"failureMessages":[],"meta":{}},{"ancestorTitles":["Validation Utilities","validatePassword"],"fullName":"Validation Utilities validatePassword should require minimum length of 8 characters","status":"passed","title":"should require minimum length of 8 characters","duration":0.058458000000001675,"failureMessages":[],"meta":{}}],"startTime":1754287537846,"endTime":1754287537848.133,"status":"passed","message":"","name":"/Users/madengineering/ClaimGuardian/packages/utils/src/__tests__/validation.test.ts"}],"coverageMap":{"/Users/madengineering/ClaimGuardian/packages/utils/src/errors.ts":{"path":"/Users/madengineering/ClaimGuardian/packages/utils/src/errors.ts","all":false,"statementMap":{"10":{"start":{"line":11,"column":0},"end":{"line":11,"column":47}},"14":{"start":{"line":15,"column":0},"end":{"line":15,"column":14}},"15":{"start":{"line":16,"column":0},"end":{"line":16,"column":20}},"16":{"start":{"line":17,"column":0},"end":{"line":17,"column":33}},"17":{"start":{"line":18,"column":0},"end":{"line":18,"column":45}},"18":{"start":{"line":19,"column":0},"end":{"line":19,"column":37}},"19":{"start":{"line":20,"column":0},"end":{"line":20,"column":5}},"20":{"start":{"line":21,"column":0},"end":{"line":21,"column":18}},"21":{"start":{"line":22,"column":0},"end":{"line":22,"column":37}},"22":{"start":{"line":23,"column":0},"end":{"line":23,"column":31}},"23":{"start":{"line":24,"column":0},"end":{"line":24,"column":26}},"26":{"start":{"line":27,"column":0},"end":{"line":27,"column":34}},"27":{"start":{"line":28,"column":0},"end":{"line":28,"column":53}},"28":{"start":{"line":29,"column":0},"end":{"line":29,"column":5}},"29":{"start":{"line":30,"column":0},"end":{"line":30,"column":3}},"31":{"start":{"line":32,"column":0},"end":{"line":32,"column":12}},"32":{"start":{"line":33,"column":0},"end":{"line":33,"column":12}},"33":{"start":{"line":34,"column":0},"end":{"line":34,"column":22}},"34":{"start":{"line":35,"column":0},"end":{"line":35,"column":28}},"35":{"start":{"line":36,"column":0},"end":{"line":36,"column":22}},"36":{"start":{"line":37,"column":0},"end":{"line":37,"column":34}},"37":{"start":{"line":38,"column":0},"end":{"line":38,"column":32}},"38":{"start":{"line":39,"column":0},"end":{"line":39,"column":28}},"39":{"start":{"line":40,"column":0},"end":{"line":40,"column":23}},"40":{"start":{"line":41,"column":0},"end":{"line":41,"column":5}},"41":{"start":{"line":42,"column":0},"end":{"line":42,"column":3}},"42":{"start":{"line":43,"column":0},"end":{"line":43,"column":1}},"47":{"start":{"line":48,"column":0},"end":{"line":48,"column":42}},"48":{"start":{"line":49,"column":0},"end":{"line":49,"column":88}},"49":{"start":{"line":50,"column":0},"end":{"line":50,"column":38}},"50":{"start":{"line":51,"column":0},"end":{"line":51,"column":3}},"51":{"start":{"line":52,"column":0},"end":{"line":52,"column":1}},"56":{"start":{"line":57,"column":0},"end":{"line":57,"column":48}},"57":{"start":{"line":58,"column":0},"end":{"line":58,"column":14}},"58":{"start":{"line":59,"column":0},"end":{"line":59,"column":20}},"59":{"start":{"line":60,"column":0},"end":{"line":60,"column":70}},"60":{"start":{"line":61,"column":0},"end":{"line":61,"column":37}},"61":{"start":{"line":62,"column":0},"end":{"line":62,"column":5}},"62":{"start":{"line":63,"column":0},"end":{"line":63,"column":52}},"63":{"start":{"line":64,"column":0},"end":{"line":64,"column":3}},"64":{"start":{"line":65,"column":0},"end":{"line":65,"column":1}},"69":{"start":{"line":70,"column":0},"end":{"line":70,"column":46}},"70":{"start":{"line":71,"column":0},"end":{"line":71,"column":63}},"71":{"start":{"line":72,"column":0},"end":{"line":72,"column":31}},"72":{"start":{"line":73,"column":0},"end":{"line":73,"column":61}},"73":{"start":{"line":74,"column":0},"end":{"line":74,"column":31}},"74":{"start":{"line":75,"column":0},"end":{"line":75,"column":62}},"75":{"start":{"line":76,"column":0},"end":{"line":76,"column":3}},"76":{"start":{"line":77,"column":0},"end":{"line":77,"column":1}},"81":{"start":{"line":82,"column":0},"end":{"line":82,"column":48}},"82":{"start":{"line":83,"column":0},"end":{"line":83,"column":67}},"83":{"start":{"line":84,"column":0},"end":{"line":84,"column":53}},"84":{"start":{"line":85,"column":0},"end":{"line":85,"column":3}},"85":{"start":{"line":86,"column":0},"end":{"line":86,"column":1}},"90":{"start":{"line":91,"column":0},"end":{"line":91,"column":47}},"91":{"start":{"line":92,"column":0},"end":{"line":92,"column":14}},"92":{"start":{"line":93,"column":0},"end":{"line":93,"column":39}},"93":{"start":{"line":94,"column":0},"end":{"line":94,"column":37}},"94":{"start":{"line":95,"column":0},"end":{"line":95,"column":5}},"95":{"start":{"line":96,"column":0},"end":{"line":96,"column":69}},"96":{"start":{"line":97,"column":0},"end":{"line":97,"column":3}},"97":{"start":{"line":98,"column":0},"end":{"line":98,"column":1}},"102":{"start":{"line":103,"column":0},"end":{"line":103,"column":46}},"103":{"start":{"line":104,"column":0},"end":{"line":104,"column":57}},"104":{"start":{"line":105,"column":0},"end":{"line":105,"column":60}},"105":{"start":{"line":106,"column":0},"end":{"line":106,"column":3}},"106":{"start":{"line":107,"column":0},"end":{"line":107,"column":1}},"111":{"start":{"line":112,"column":0},"end":{"line":112,"column":53}},"112":{"start":{"line":113,"column":0},"end":{"line":113,"column":14}},"113":{"start":{"line":114,"column":0},"end":{"line":114,"column":20}},"114":{"start":{"line":115,"column":0},"end":{"line":115,"column":20}},"115":{"start":{"line":116,"column":0},"end":{"line":116,"column":27}},"116":{"start":{"line":117,"column":0},"end":{"line":117,"column":5}},"117":{"start":{"line":118,"column":0},"end":{"line":118,"column":77}},"118":{"start":{"line":119,"column":0},"end":{"line":119,"column":3}},"119":{"start":{"line":120,"column":0},"end":{"line":120,"column":1}},"124":{"start":{"line":125,"column":0},"end":{"line":125,"column":65}},"125":{"start":{"line":126,"column":0},"end":{"line":126,"column":35}},"126":{"start":{"line":127,"column":0},"end":{"line":127,"column":1}},"131":{"start":{"line":132,"column":0},"end":{"line":132,"column":73}},"132":{"start":{"line":133,"column":0},"end":{"line":133,"column":10}},"133":{"start":{"line":134,"column":0},"end":{"line":134,"column":32}},"134":{"start":{"line":135,"column":0},"end":{"line":135,"column":21}},"135":{"start":{"line":136,"column":0},"end":{"line":136,"column":22}},"136":{"start":{"line":137,"column":0},"end":{"line":137,"column":43}},"138":{"start":{"line":139,"column":0},"end":{"line":139,"column":1}},"169":{"start":{"line":170,"column":0},"end":{"line":170,"column":41}},"170":{"start":{"line":171,"column":0},"end":{"line":171,"column":36}},"171":{"start":{"line":172,"column":0},"end":{"line":172,"column":19}},"172":{"start":{"line":173,"column":0},"end":{"line":173,"column":27}},"173":{"start":{"line":174,"column":0},"end":{"line":174,"column":12}},"174":{"start":{"line":175,"column":0},"end":{"line":175,"column":21}},"175":{"start":{"line":176,"column":0},"end":{"line":176,"column":14}},"176":{"start":{"line":177,"column":0},"end":{"line":177,"column":31}},"177":{"start":{"line":178,"column":0},"end":{"line":178,"column":25}},"178":{"start":{"line":179,"column":0},"end":{"line":179,"column":37}},"179":{"start":{"line":180,"column":0},"end":{"line":180,"column":35}},"180":{"start":{"line":181,"column":0},"end":{"line":181,"column":7}},"181":{"start":{"line":182,"column":0},"end":{"line":182,"column":5}},"182":{"start":{"line":183,"column":0},"end":{"line":183,"column":3}},"184":{"start":{"line":185,"column":0},"end":{"line":185,"column":31}},"185":{"start":{"line":186,"column":0},"end":{"line":186,"column":12}},"186":{"start":{"line":187,"column":0},"end":{"line":187,"column":21}},"187":{"start":{"line":188,"column":0},"end":{"line":188,"column":14}},"188":{"start":{"line":189,"column":0},"end":{"line":189,"column":31}},"189":{"start":{"line":190,"column":0},"end":{"line":190,"column":30}},"190":{"start":{"line":191,"column":0},"end":{"line":191,"column":23}},"191":{"start":{"line":192,"column":0},"end":{"line":192,"column":7}},"192":{"start":{"line":193,"column":0},"end":{"line":193,"column":5}},"193":{"start":{"line":194,"column":0},"end":{"line":194,"column":3}},"195":{"start":{"line":196,"column":0},"end":{"line":196,"column":10}},"196":{"start":{"line":197,"column":0},"end":{"line":197,"column":19}},"197":{"start":{"line":198,"column":0},"end":{"line":198,"column":12}},"198":{"start":{"line":199,"column":0},"end":{"line":199,"column":43}},"199":{"start":{"line":200,"column":0},"end":{"line":200,"column":28}},"200":{"start":{"line":201,"column":0},"end":{"line":201,"column":21}},"201":{"start":{"line":202,"column":0},"end":{"line":202,"column":5}},"202":{"start":{"line":203,"column":0},"end":{"line":203,"column":3}},"203":{"start":{"line":204,"column":0},"end":{"line":204,"column":1}},"208":{"start":{"line":209,"column":0},"end":{"line":209,"column":61}},"209":{"start":{"line":210,"column":0},"end":{"line":210,"column":10}},"210":{"start":{"line":211,"column":0},"end":{"line":211,"column":18}},"211":{"start":{"line":212,"column":0},"end":{"line":212,"column":8}},"212":{"start":{"line":213,"column":0},"end":{"line":213,"column":3}},"213":{"start":{"line":214,"column":0},"end":{"line":214,"column":1}},"218":{"start":{"line":219,"column":0},"end":{"line":219,"column":37}},"219":{"start":{"line":220,"column":0},"end":{"line":220,"column":22}},"220":{"start":{"line":221,"column":0},"end":{"line":221,"column":23}},"221":{"start":{"line":222,"column":0},"end":{"line":222,"column":7}},"222":{"start":{"line":223,"column":0},"end":{"line":223,"column":27}},"223":{"start":{"line":224,"column":0},"end":{"line":224,"column":30}},"224":{"start":{"line":225,"column":0},"end":{"line":225,"column":19}},"225":{"start":{"line":226,"column":0},"end":{"line":226,"column":29}},"226":{"start":{"line":227,"column":0},"end":{"line":227,"column":3}},"227":{"start":{"line":228,"column":0},"end":{"line":228,"column":1}},"232":{"start":{"line":233,"column":0},"end":{"line":233,"column":73}},"233":{"start":{"line":234,"column":0},"end":{"line":234,"column":27}},"234":{"start":{"line":235,"column":0},"end":{"line":235,"column":25}},"235":{"start":{"line":236,"column":0},"end":{"line":236,"column":3}},"237":{"start":{"line":238,"column":0},"end":{"line":238,"column":31}},"238":{"start":{"line":239,"column":0},"end":{"line":239,"column":12}},"239":{"start":{"line":240,"column":0},"end":{"line":240,"column":23}},"240":{"start":{"line":241,"column":0},"end":{"line":241,"column":29}},"241":{"start":{"line":242,"column":0},"end":{"line":242,"column":24}},"242":{"start":{"line":243,"column":0},"end":{"line":243,"column":5}},"243":{"start":{"line":244,"column":0},"end":{"line":244,"column":3}},"245":{"start":{"line":246,"column":0},"end":{"line":246,"column":52}},"246":{"start":{"line":247,"column":0},"end":{"line":247,"column":23}},"247":{"start":{"line":248,"column":0},"end":{"line":248,"column":3}},"249":{"start":{"line":250,"column":0},"end":{"line":250,"column":33}},"250":{"start":{"line":251,"column":0},"end":{"line":251,"column":1}},"255":{"start":{"line":256,"column":0},"end":{"line":256,"column":48}},"256":{"start":{"line":257,"column":0},"end":{"line":257,"column":31}},"257":{"start":{"line":258,"column":0},"end":{"line":258,"column":16}},"258":{"start":{"line":259,"column":0},"end":{"line":259,"column":3}},"260":{"start":{"line":261,"column":0},"end":{"line":261,"column":34}},"261":{"start":{"line":262,"column":0},"end":{"line":262,"column":27}},"262":{"start":{"line":263,"column":0},"end":{"line":263,"column":3}},"264":{"start":{"line":265,"column":0},"end":{"line":265,"column":52}},"266":{"start":{"line":267,"column":0},"end":{"line":267,"column":75}},"267":{"start":{"line":268,"column":0},"end":{"line":268,"column":51}},"269":{"start":{"line":270,"column":0},"end":{"line":270,"column":73}},"270":{"start":{"line":271,"column":0},"end":{"line":271,"column":40}},"271":{"start":{"line":272,"column":0},"end":{"line":272,"column":7}},"273":{"start":{"line":274,"column":0},"end":{"line":274,"column":71}},"274":{"start":{"line":275,"column":0},"end":{"line":275,"column":38}},"275":{"start":{"line":276,"column":0},"end":{"line":276,"column":7}},"276":{"start":{"line":277,"column":0},"end":{"line":277,"column":16}},"277":{"start":{"line":278,"column":0},"end":{"line":278,"column":5}},"280":{"start":{"line":281,"column":0},"end":{"line":281,"column":43}},"281":{"start":{"line":282,"column":0},"end":{"line":282,"column":3}},"284":{"start":{"line":285,"column":0},"end":{"line":285,"column":33}},"285":{"start":{"line":286,"column":0},"end":{"line":286,"column":1}}},"s":{"10":1,"14":1,"15":15,"16":15,"17":15,"18":15,"19":15,"20":15,"21":15,"22":15,"23":15,"26":15,"27":15,"28":15,"29":15,"31":1,"32":2,"33":2,"34":2,"35":2,"36":2,"37":2,"38":2,"39":2,"40":2,"41":2,"42":1,"47":1,"48":1,"49":9,"50":9,"51":1,"56":1,"57":1,"58":1,"59":1,"60":1,"61":1,"62":1,"63":1,"64":1,"69":1,"70":1,"71":1,"72":1,"73":0,"74":1,"75":1,"76":1,"81":1,"82":1,"83":1,"84":1,"85":1,"90":1,"91":1,"92":1,"93":1,"94":1,"95":1,"96":1,"97":1,"102":1,"103":1,"104":1,"105":1,"106":1,"111":1,"112":1,"113":1,"114":1,"115":1,"116":1,"117":1,"118":1,"119":1,"124":1,"125":14,"126":14,"131":1,"132":4,"133":4,"134":4,"135":3,"136":2,"138":4,"169":1,"170":5,"171":5,"172":5,"173":2,"174":2,"175":2,"176":2,"177":2,"178":2,"179":2,"180":2,"181":2,"182":2,"184":5,"185":2,"186":2,"187":2,"188":2,"189":2,"190":2,"191":2,"192":2,"193":2,"195":1,"196":1,"197":1,"198":1,"199":1,"200":1,"201":1,"202":1,"203":1,"208":1,"209":2,"210":2,"211":2,"212":2,"213":2,"218":3,"219":3,"220":3,"221":3,"222":3,"223":1,"224":3,"225":2,"226":2,"227":3,"232":1,"233":5,"234":1,"235":1,"237":5,"238":1,"239":1,"240":1,"241":1,"242":1,"243":1,"245":5,"246":1,"247":1,"249":2,"250":2,"255":1,"256":8,"257":2,"258":2,"260":8,"261":1,"262":1,"264":8,"266":1,"267":1,"269":1,"270":0,"271":0,"273":1,"274":0,"275":0,"276":1,"277":1,"280":0,"281":0,"284":4,"285":4},"branchMap":{"0":{"type":"branch","line":15,"loc":{"start":{"line":15,"column":2},"end":{"line":30,"column":3}},"locations":[{"start":{"line":15,"column":2},"end":{"line":30,"column":3}}]},"1":{"type":"branch","line":32,"loc":{"start":{"line":32,"column":2},"end":{"line":42,"column":3}},"locations":[{"start":{"line":32,"column":2},"end":{"line":42,"column":3}}]},"2":{"type":"branch","line":49,"loc":{"start":{"line":49,"column":2},"end":{"line":51,"column":3}},"locations":[{"start":{"line":49,"column":2},"end":{"line":51,"column":3}}]},"3":{"type":"branch","line":58,"loc":{"start":{"line":58,"column":2},"end":{"line":64,"column":3}},"locations":[{"start":{"line":58,"column":2},"end":{"line":64,"column":3}}]},"4":{"type":"branch","line":71,"loc":{"start":{"line":71,"column":2},"end":{"line":76,"column":3}},"locations":[{"start":{"line":71,"column":2},"end":{"line":76,"column":3}}]},"5":{"type":"branch","line":73,"loc":{"start":{"line":73,"column":49},"end":{"line":74,"column":31}},"locations":[{"start":{"line":73,"column":49},"end":{"line":74,"column":31}}]},"6":{"type":"branch","line":83,"loc":{"start":{"line":83,"column":2},"end":{"line":85,"column":3}},"locations":[{"start":{"line":83,"column":2},"end":{"line":85,"column":3}}]},"7":{"type":"branch","line":92,"loc":{"start":{"line":92,"column":2},"end":{"line":97,"column":3}},"locations":[{"start":{"line":92,"column":2},"end":{"line":97,"column":3}}]},"8":{"type":"branch","line":104,"loc":{"start":{"line":104,"column":2},"end":{"line":106,"column":3}},"locations":[{"start":{"line":104,"column":2},"end":{"line":106,"column":3}}]},"9":{"type":"branch","line":113,"loc":{"start":{"line":113,"column":2},"end":{"line":119,"column":3}},"locations":[{"start":{"line":113,"column":2},"end":{"line":119,"column":3}}]},"10":{"type":"branch","line":125,"loc":{"start":{"line":125,"column":7},"end":{"line":127,"column":1}},"locations":[{"start":{"line":125,"column":7},"end":{"line":127,"column":1}}]},"11":{"type":"branch","line":132,"loc":{"start":{"line":132,"column":7},"end":{"line":139,"column":1}},"locations":[{"start":{"line":132,"column":7},"end":{"line":139,"column":1}}]},"12":{"type":"branch","line":135,"loc":{"start":{"line":135,"column":14},"end":{"line":136,"column":22}},"locations":[{"start":{"line":135,"column":14},"end":{"line":136,"column":22}}]},"13":{"type":"branch","line":136,"loc":{"start":{"line":136,"column":14},"end":{"line":137,"column":43}},"locations":[{"start":{"line":136,"column":14},"end":{"line":137,"column":43}}]},"14":{"type":"branch","line":170,"loc":{"start":{"line":170,"column":7},"end":{"line":204,"column":1}},"locations":[{"start":{"line":170,"column":7},"end":{"line":204,"column":1}}]},"15":{"type":"branch","line":173,"loc":{"start":{"line":173,"column":26},"end":{"line":183,"column":3}},"locations":[{"start":{"line":173,"column":26},"end":{"line":183,"column":3}}]},"16":{"type":"branch","line":183,"loc":{"start":{"line":183,"column":2},"end":{"line":185,"column":30}},"locations":[{"start":{"line":183,"column":2},"end":{"line":185,"column":30}}]},"17":{"type":"branch","line":185,"loc":{"start":{"line":185,"column":30},"end":{"line":194,"column":3}},"locations":[{"start":{"line":185,"column":30},"end":{"line":194,"column":3}}]},"18":{"type":"branch","line":194,"loc":{"start":{"line":194,"column":2},"end":{"line":204,"column":1}},"locations":[{"start":{"line":194,"column":2},"end":{"line":204,"column":1}}]},"19":{"type":"branch","line":209,"loc":{"start":{"line":209,"column":7},"end":{"line":214,"column":1}},"locations":[{"start":{"line":209,"column":7},"end":{"line":214,"column":1}}]},"20":{"type":"branch","line":219,"loc":{"start":{"line":219,"column":0},"end":{"line":228,"column":1}},"locations":[{"start":{"line":219,"column":0},"end":{"line":228,"column":1}}]},"21":{"type":"branch","line":223,"loc":{"start":{"line":223,"column":26},"end":{"line":225,"column":11}},"locations":[{"start":{"line":223,"column":26},"end":{"line":225,"column":11}}]},"22":{"type":"branch","line":225,"loc":{"start":{"line":225,"column":2},"end":{"line":227,"column":3}},"locations":[{"start":{"line":225,"column":2},"end":{"line":227,"column":3}}]},"23":{"type":"branch","line":233,"loc":{"start":{"line":233,"column":7},"end":{"line":251,"column":1}},"locations":[{"start":{"line":233,"column":7},"end":{"line":251,"column":1}}]},"24":{"type":"branch","line":234,"loc":{"start":{"line":234,"column":26},"end":{"line":236,"column":3}},"locations":[{"start":{"line":234,"column":26},"end":{"line":236,"column":3}}]},"25":{"type":"branch","line":236,"loc":{"start":{"line":236,"column":2},"end":{"line":238,"column":30}},"locations":[{"start":{"line":236,"column":2},"end":{"line":238,"column":30}}]},"26":{"type":"branch","line":238,"loc":{"start":{"line":238,"column":30},"end":{"line":244,"column":3}},"locations":[{"start":{"line":238,"column":30},"end":{"line":244,"column":3}}]},"27":{"type":"branch","line":244,"loc":{"start":{"line":244,"column":2},"end":{"line":246,"column":35}},"locations":[{"start":{"line":244,"column":2},"end":{"line":246,"column":35}}]},"28":{"type":"branch","line":246,"loc":{"start":{"line":246,"column":23},"end":{"line":246,"column":51}},"locations":[{"start":{"line":246,"column":23},"end":{"line":246,"column":51}}]},"29":{"type":"branch","line":246,"loc":{"start":{"line":246,"column":51},"end":{"line":248,"column":3}},"locations":[{"start":{"line":246,"column":51},"end":{"line":248,"column":3}}]},"30":{"type":"branch","line":248,"loc":{"start":{"line":248,"column":2},"end":{"line":251,"column":1}},"locations":[{"start":{"line":248,"column":2},"end":{"line":251,"column":1}}]},"31":{"type":"branch","line":256,"loc":{"start":{"line":256,"column":7},"end":{"line":286,"column":1}},"locations":[{"start":{"line":256,"column":7},"end":{"line":286,"column":1}}]},"32":{"type":"branch","line":257,"loc":{"start":{"line":257,"column":30},"end":{"line":259,"column":3}},"locations":[{"start":{"line":257,"column":30},"end":{"line":259,"column":3}}]},"33":{"type":"branch","line":259,"loc":{"start":{"line":259,"column":2},"end":{"line":261,"column":33}},"locations":[{"start":{"line":259,"column":2},"end":{"line":261,"column":33}}]},"34":{"type":"branch","line":261,"loc":{"start":{"line":261,"column":33},"end":{"line":263,"column":3}},"locations":[{"start":{"line":261,"column":33},"end":{"line":263,"column":3}}]},"35":{"type":"branch","line":263,"loc":{"start":{"line":263,"column":2},"end":{"line":265,"column":35}},"locations":[{"start":{"line":263,"column":2},"end":{"line":265,"column":35}}]},"36":{"type":"branch","line":265,"loc":{"start":{"line":265,"column":23},"end":{"line":265,"column":51}},"locations":[{"start":{"line":265,"column":23},"end":{"line":265,"column":51}}]},"37":{"type":"branch","line":265,"loc":{"start":{"line":265,"column":51},"end":{"line":282,"column":3}},"locations":[{"start":{"line":265,"column":51},"end":{"line":282,"column":3}}]},"38":{"type":"branch","line":270,"loc":{"start":{"line":270,"column":21},"end":{"line":270,"column":72}},"locations":[{"start":{"line":270,"column":21},"end":{"line":270,"column":72}}]},"39":{"type":"branch","line":270,"loc":{"start":{"line":270,"column":72},"end":{"line":272,"column":7}},"locations":[{"start":{"line":270,"column":72},"end":{"line":272,"column":7}}]},"40":{"type":"branch","line":274,"loc":{"start":{"line":274,"column":20},"end":{"line":274,"column":70}},"locations":[{"start":{"line":274,"column":20},"end":{"line":274,"column":70}}]},"41":{"type":"branch","line":274,"loc":{"start":{"line":274,"column":70},"end":{"line":276,"column":7}},"locations":[{"start":{"line":274,"column":70},"end":{"line":276,"column":7}}]},"42":{"type":"branch","line":278,"loc":{"start":{"line":278,"column":4},"end":{"line":282,"column":3}},"locations":[{"start":{"line":278,"column":4},"end":{"line":282,"column":3}}]},"43":{"type":"branch","line":282,"loc":{"start":{"line":282,"column":2},"end":{"line":286,"column":1}},"locations":[{"start":{"line":282,"column":2},"end":{"line":286,"column":1}}]}},"b":{"0":[15],"1":[2],"2":[9],"3":[1],"4":[1],"5":[0],"6":[1],"7":[1],"8":[1],"9":[1],"10":[14],"11":[4],"12":[3],"13":[2],"14":[5],"15":[2],"16":[3],"17":[2],"18":[1],"19":[2],"20":[3],"21":[1],"22":[2],"23":[5],"24":[1],"25":[4],"26":[1],"27":[3],"28":[2],"29":[1],"30":[2],"31":[8],"32":[2],"33":[6],"34":[1],"35":[5],"36":[2],"37":[1],"38":[0],"39":[0],"40":[0],"41":[0],"42":[0],"43":[4]},"fnMap":{"0":{"name":"BaseError","decl":{"start":{"line":15,"column":2},"end":{"line":30,"column":3}},"loc":{"start":{"line":15,"column":2},"end":{"line":30,"column":3}},"line":15},"1":{"name":"toJSON","decl":{"start":{"line":32,"column":2},"end":{"line":42,"column":3}},"loc":{"start":{"line":32,"column":2},"end":{"line":42,"column":3}},"line":32},"2":{"name":"AuthError","decl":{"start":{"line":49,"column":2},"end":{"line":51,"column":3}},"loc":{"start":{"line":49,"column":2},"end":{"line":51,"column":3}},"line":49},"3":{"name":"ValidationError","decl":{"start":{"line":58,"column":2},"end":{"line":64,"column":3}},"loc":{"start":{"line":58,"column":2},"end":{"line":64,"column":3}},"line":58},"4":{"name":"NotFoundError","decl":{"start":{"line":71,"column":2},"end":{"line":76,"column":3}},"loc":{"start":{"line":71,"column":2},"end":{"line":76,"column":3}},"line":71},"5":{"name":"PermissionError","decl":{"start":{"line":83,"column":2},"end":{"line":85,"column":3}},"loc":{"start":{"line":83,"column":2},"end":{"line":85,"column":3}},"line":83},"6":{"name":"RateLimitError","decl":{"start":{"line":92,"column":2},"end":{"line":97,"column":3}},"loc":{"start":{"line":92,"column":2},"end":{"line":97,"column":3}},"line":92},"7":{"name":"DatabaseError","decl":{"start":{"line":104,"column":2},"end":{"line":106,"column":3}},"loc":{"start":{"line":104,"column":2},"end":{"line":106,"column":3}},"line":104},"8":{"name":"ExternalServiceError","decl":{"start":{"line":113,"column":2},"end":{"line":119,"column":3}},"loc":{"start":{"line":113,"column":2},"end":{"line":119,"column":3}},"line":113},"9":{"name":"isBaseError","decl":{"start":{"line":125,"column":7},"end":{"line":127,"column":1}},"loc":{"start":{"line":125,"column":7},"end":{"line":127,"column":1}},"line":125},"10":{"name":"hasErrorCode","decl":{"start":{"line":132,"column":7},"end":{"line":139,"column":1}},"loc":{"start":{"line":132,"column":7},"end":{"line":139,"column":1}},"line":132},"11":{"name":"errorResult","decl":{"start":{"line":170,"column":7},"end":{"line":204,"column":1}},"loc":{"start":{"line":170,"column":7},"end":{"line":204,"column":1}},"line":170},"12":{"name":"successResult","decl":{"start":{"line":209,"column":7},"end":{"line":214,"column":1}},"loc":{"start":{"line":209,"column":7},"end":{"line":214,"column":1}},"line":209},"13":{"name":"handleAsync","decl":{"start":{"line":219,"column":0},"end":{"line":228,"column":1}},"loc":{"start":{"line":219,"column":0},"end":{"line":228,"column":1}},"line":219},"14":{"name":"serializeError","decl":{"start":{"line":233,"column":7},"end":{"line":251,"column":1}},"loc":{"start":{"line":233,"column":7},"end":{"line":251,"column":1}},"line":233},"15":{"name":"toError","decl":{"start":{"line":256,"column":7},"end":{"line":286,"column":1}},"loc":{"start":{"line":256,"column":7},"end":{"line":286,"column":1}},"line":256}},"f":{"0":15,"1":2,"2":9,"3":1,"4":1,"5":1,"6":1,"7":1,"8":1,"9":14,"10":4,"11":5,"12":2,"13":3,"14":5,"15":8}},"/Users/madengineering/ClaimGuardian/packages/utils/src/format.ts":{"path":"/Users/madengineering/ClaimGuardian/packages/utils/src/format.ts","all":false,"statementMap":{"13":{"start":{"line":14,"column":0},"end":{"line":14,"column":61}},"14":{"start":{"line":15,"column":0},"end":{"line":15,"column":58}},"15":{"start":{"line":16,"column":0},"end":{"line":16,"column":27}},"16":{"start":{"line":17,"column":0},"end":{"line":17,"column":89}},"17":{"start":{"line":18,"column":0},"end":{"line":18,"column":34}},"18":{"start":{"line":19,"column":0},"end":{"line":19,"column":63}},"19":{"start":{"line":20,"column":0},"end":{"line":20,"column":10}},"20":{"start":{"line":21,"column":0},"end":{"line":21,"column":17}},"21":{"start":{"line":22,"column":0},"end":{"line":22,"column":3}},"22":{"start":{"line":23,"column":0},"end":{"line":23,"column":1}},"24":{"start":{"line":25,"column":0},"end":{"line":25,"column":59}},"25":{"start":{"line":26,"column":0},"end":{"line":26,"column":41}},"26":{"start":{"line":27,"column":0},"end":{"line":27,"column":22}},"27":{"start":{"line":28,"column":0},"end":{"line":28,"column":19}},"28":{"start":{"line":29,"column":0},"end":{"line":29,"column":19}},"29":{"start":{"line":30,"column":0},"end":{"line":30,"column":1}},"31":{"start":{"line":32,"column":0},"end":{"line":32,"column":69}},"32":{"start":{"line":33,"column":0},"end":{"line":33,"column":13}},"34":{"start":{"line":35,"column":0},"end":{"line":35,"column":33}},"35":{"start":{"line":36,"column":0},"end":{"line":36,"column":22}},"36":{"start":{"line":37,"column":0},"end":{"line":37,"column":40}},"37":{"start":{"line":38,"column":0},"end":{"line":38,"column":22}},"38":{"start":{"line":39,"column":0},"end":{"line":39,"column":10}},"39":{"start":{"line":40,"column":0},"end":{"line":40,"column":12}},"40":{"start":{"line":41,"column":0},"end":{"line":41,"column":3}},"43":{"start":{"line":44,"column":0},"end":{"line":44,"column":27}},"44":{"start":{"line":45,"column":0},"end":{"line":45,"column":25}},"45":{"start":{"line":46,"column":0},"end":{"line":46,"column":3}},"47":{"start":{"line":48,"column":0},"end":{"line":48,"column":43}},"48":{"start":{"line":49,"column":0},"end":{"line":49,"column":20}},"49":{"start":{"line":50,"column":0},"end":{"line":50,"column":18}},"50":{"start":{"line":51,"column":0},"end":{"line":51,"column":18}},"51":{"start":{"line":52,"column":0},"end":{"line":52,"column":14}},"52":{"start":{"line":53,"column":0},"end":{"line":53,"column":1}}},"s":{"13":1,"14":15,"15":15,"16":11,"17":15,"18":2,"19":2,"20":2,"21":2,"22":15,"24":1,"25":14,"26":14,"27":14,"28":14,"29":14,"31":1,"32":12,"34":12,"35":7,"36":12,"37":1,"38":5,"39":4,"40":4,"43":12,"44":2,"45":2,"47":10,"48":10,"49":10,"50":10,"51":10,"52":10},"branchMap":{"0":{"type":"branch","line":14,"loc":{"start":{"line":14,"column":33},"end":{"line":23,"column":1}},"locations":[{"start":{"line":14,"column":33},"end":{"line":23,"column":1}}]},"1":{"type":"branch","line":16,"loc":{"start":{"line":16,"column":26},"end":{"line":18,"column":13}},"locations":[{"start":{"line":16,"column":26},"end":{"line":18,"column":13}}]},"2":{"type":"branch","line":18,"loc":{"start":{"line":18,"column":2},"end":{"line":22,"column":3}},"locations":[{"start":{"line":18,"column":2},"end":{"line":22,"column":3}}]},"3":{"type":"branch","line":18,"loc":{"start":{"line":18,"column":33},"end":{"line":22,"column":3}},"locations":[{"start":{"line":18,"column":33},"end":{"line":22,"column":3}}]},"4":{"type":"branch","line":25,"loc":{"start":{"line":25,"column":30},"end":{"line":30,"column":1}},"locations":[{"start":{"line":25,"column":30},"end":{"line":30,"column":1}}]},"5":{"type":"branch","line":32,"loc":{"start":{"line":32,"column":26},"end":{"line":53,"column":1}},"locations":[{"start":{"line":32,"column":26},"end":{"line":53,"column":1}}]},"6":{"type":"branch","line":35,"loc":{"start":{"line":35,"column":32},"end":{"line":37,"column":13}},"locations":[{"start":{"line":35,"column":32},"end":{"line":37,"column":13}}]},"7":{"type":"branch","line":37,"loc":{"start":{"line":37,"column":2},"end":{"line":41,"column":3}},"locations":[{"start":{"line":37,"column":2},"end":{"line":41,"column":3}}]},"8":{"type":"branch","line":37,"loc":{"start":{"line":37,"column":39},"end":{"line":39,"column":9}},"locations":[{"start":{"line":37,"column":39},"end":{"line":39,"column":9}}]},"9":{"type":"branch","line":39,"loc":{"start":{"line":39,"column":2},"end":{"line":41,"column":3}},"locations":[{"start":{"line":39,"column":2},"end":{"line":41,"column":3}}]},"10":{"type":"branch","line":44,"loc":{"start":{"line":44,"column":26},"end":{"line":46,"column":3}},"locations":[{"start":{"line":44,"column":26},"end":{"line":46,"column":3}}]},"11":{"type":"branch","line":46,"loc":{"start":{"line":46,"column":2},"end":{"line":53,"column":1}},"locations":[{"start":{"line":46,"column":2},"end":{"line":53,"column":1}}]}},"b":{"0":[15],"1":[11],"2":[4],"3":[2],"4":[14],"5":[12],"6":[7],"7":[5],"8":[1],"9":[4],"10":[2],"11":[10]},"fnMap":{"0":{"name":"formatPhoneNumber","decl":{"start":{"line":14,"column":33},"end":{"line":23,"column":1}},"loc":{"start":{"line":14,"column":33},"end":{"line":23,"column":1}},"line":14},"1":{"name":"formatCurrency","decl":{"start":{"line":25,"column":30},"end":{"line":30,"column":1}},"loc":{"start":{"line":25,"column":30},"end":{"line":30,"column":1}},"line":25},"2":{"name":"formatDate","decl":{"start":{"line":32,"column":26},"end":{"line":53,"column":1}},"loc":{"start":{"line":32,"column":26},"end":{"line":53,"column":1}},"line":32}},"f":{"0":15,"1":14,"2":12}},"/Users/madengineering/ClaimGuardian/packages/utils/src/validation.ts":{"path":"/Users/madengineering/ClaimGuardian/packages/utils/src/validation.ts","all":false,"statementMap":{"13":{"start":{"line":14,"column":0},"end":{"line":14,"column":58}},"14":{"start":{"line":15,"column":0},"end":{"line":15,"column":34}},"15":{"start":{"line":16,"column":0},"end":{"line":16,"column":34}},"16":{"start":{"line":17,"column":0},"end":{"line":17,"column":3}},"17":{"start":{"line":18,"column":0},"end":{"line":18,"column":46}},"18":{"start":{"line":19,"column":0},"end":{"line":19,"column":1}},"20":{"start":{"line":21,"column":0},"end":{"line":21,"column":58}},"21":{"start":{"line":22,"column":0},"end":{"line":22,"column":55}},"22":{"start":{"line":23,"column":0},"end":{"line":23,"column":49}},"23":{"start":{"line":24,"column":0},"end":{"line":24,"column":31}},"24":{"start":{"line":25,"column":0},"end":{"line":25,"column":1}},"26":{"start":{"line":27,"column":0},"end":{"line":27,"column":58}},"27":{"start":{"line":28,"column":0},"end":{"line":28,"column":55}},"28":{"start":{"line":29,"column":0},"end":{"line":29,"column":41}},"29":{"start":{"line":30,"column":0},"end":{"line":30,"column":29}},"30":{"start":{"line":31,"column":0},"end":{"line":31,"column":1}},"32":{"start":{"line":33,"column":0},"end":{"line":33,"column":64}},"33":{"start":{"line":34,"column":0},"end":{"line":34,"column":29}},"34":{"start":{"line":35,"column":0},"end":{"line":35,"column":1}}},"s":{"13":1,"14":13,"15":5,"16":5,"17":13,"18":13,"20":1,"21":14,"22":11,"23":11,"24":11,"26":1,"27":15,"28":12,"29":12,"30":12,"32":1,"33":13,"34":13},"branchMap":{"0":{"type":"branch","line":14,"loc":{"start":{"line":14,"column":32},"end":{"line":19,"column":1}},"locations":[{"start":{"line":14,"column":32},"end":{"line":19,"column":1}}]},"1":{"type":"branch","line":15,"loc":{"start":{"line":15,"column":33},"end":{"line":17,"column":3}},"locations":[{"start":{"line":15,"column":33},"end":{"line":17,"column":3}}]},"2":{"type":"branch","line":17,"loc":{"start":{"line":17,"column":2},"end":{"line":18,"column":27}},"locations":[{"start":{"line":17,"column":2},"end":{"line":18,"column":27}}]},"3":{"type":"branch","line":18,"loc":{"start":{"line":18,"column":19},"end":{"line":18,"column":46}},"locations":[{"start":{"line":18,"column":19},"end":{"line":18,"column":46}}]},"4":{"type":"branch","line":21,"loc":{"start":{"line":21,"column":29},"end":{"line":25,"column":1}},"locations":[{"start":{"line":21,"column":29},"end":{"line":25,"column":1}}]},"5":{"type":"branch","line":22,"loc":{"start":{"line":22,"column":7},"end":{"line":22,"column":43}},"locations":[{"start":{"line":22,"column":7},"end":{"line":22,"column":43}}]},"6":{"type":"branch","line":22,"loc":{"start":{"line":22,"column":43},"end":{"line":22,"column":55}},"locations":[{"start":{"line":22,"column":43},"end":{"line":22,"column":55}}]},"7":{"type":"branch","line":22,"loc":{"start":{"line":22,"column":50},"end":{"line":25,"column":1}},"locations":[{"start":{"line":22,"column":50},"end":{"line":25,"column":1}}]},"8":{"type":"branch","line":27,"loc":{"start":{"line":27,"column":29},"end":{"line":31,"column":1}},"locations":[{"start":{"line":27,"column":29},"end":{"line":31,"column":1}}]},"9":{"type":"branch","line":28,"loc":{"start":{"line":28,"column":7},"end":{"line":28,"column":43}},"locations":[{"start":{"line":28,"column":7},"end":{"line":28,"column":43}}]},"10":{"type":"branch","line":28,"loc":{"start":{"line":28,"column":43},"end":{"line":28,"column":55}},"locations":[{"start":{"line":28,"column":43},"end":{"line":28,"column":55}}]},"11":{"type":"branch","line":28,"loc":{"start":{"line":28,"column":50},"end":{"line":31,"column":1}},"locations":[{"start":{"line":28,"column":50},"end":{"line":31,"column":1}}]},"12":{"type":"branch","line":33,"loc":{"start":{"line":33,"column":32},"end":{"line":35,"column":1}},"locations":[{"start":{"line":33,"column":32},"end":{"line":35,"column":1}}]}},"b":{"0":[13],"1":[5],"2":[8],"3":[7],"4":[14],"5":[11],"6":[3],"7":[11],"8":[15],"9":[12],"10":[3],"11":[12],"12":[13]},"fnMap":{"0":{"name":"validateRequired","decl":{"start":{"line":14,"column":32},"end":{"line":19,"column":1}},"loc":{"start":{"line":14,"column":32},"end":{"line":19,"column":1}},"line":14},"1":{"name":"validateEmail","decl":{"start":{"line":21,"column":29},"end":{"line":25,"column":1}},"loc":{"start":{"line":21,"column":29},"end":{"line":25,"column":1}},"line":21},"2":{"name":"validatePhone","decl":{"start":{"line":27,"column":29},"end":{"line":31,"column":1}},"loc":{"start":{"line":27,"column":29},"end":{"line":31,"column":1}},"line":27},"3":{"name":"validatePassword","decl":{"start":{"line":33,"column":32},"end":{"line":35,"column":1}},"loc":{"start":{"line":33,"column":32},"end":{"line":35,"column":1}},"line":33}},"f":{"0":13,"1":14,"2":15,"3":13}},"/Users/madengineering/ClaimGuardian/packages/utils/src/index.ts":{"path":"/Users/madengineering/ClaimGuardian/packages/utils/src/index.ts","all":true,"statementMap":{"13":{"start":{"line":14,"column":0},"end":{"line":14,"column":28}},"14":{"start":{"line":15,"column":0},"end":{"line":15,"column":24}},"15":{"start":{"line":16,"column":0},"end":{"line":16,"column":24}},"16":{"start":{"line":17,"column":0},"end":{"line":17,"column":28}}},"s":{"13":0,"14":0,"15":0,"16":0},"branchMap":{"0":{"type":"branch","line":1,"loc":{"start":{"line":1,"column":752},"end":{"line":17,"column":28}},"locations":[{"start":{"line":1,"column":752},"end":{"line":17,"column":28}}]}},"b":{"0":[1]},"fnMap":{"0":{"name":"(empty-report)","decl":{"start":{"line":1,"column":752},"end":{"line":17,"column":28}},"loc":{"start":{"line":1,"column":752},"end":{"line":17,"column":28}},"line":1}},"f":{"0":1}},"/Users/madengineering/ClaimGuardian/packages/utils/src/pagination.ts":{"path":"/Users/madengineering/ClaimGuardian/packages/utils/src/pagination.ts","all":true,"statementMap":{"57":{"start":{"line":58,"column":0},"end":{"line":58,"column":36}},"58":{"start":{"line":59,"column":0},"end":{"line":59,"column":10}},"59":{"start":{"line":60,"column":0},"end":{"line":60,"column":12}},"60":{"start":{"line":61,"column":0},"end":{"line":61,"column":15}},"61":{"start":{"line":62,"column":0},"end":{"line":62,"column":10}},"66":{"start":{"line":67,"column":0},"end":{"line":67,"column":70}},"67":{"start":{"line":68,"column":0},"end":{"line":68,"column":27}},"68":{"start":{"line":69,"column":0},"end":{"line":69,"column":1}},"73":{"start":{"line":74,"column":0},"end":{"line":74,"column":71}},"77":{"start":{"line":78,"column":0},"end":{"line":78,"column":3}},"78":{"start":{"line":79,"column":0},"end":{"line":79,"column":68}},"79":{"start":{"line":80,"column":0},"end":{"line":80,"column":25}},"80":{"start":{"line":81,"column":0},"end":{"line":81,"column":33}},"81":{"start":{"line":82,"column":0},"end":{"line":82,"column":59}},"82":{"start":{"line":83,"column":0},"end":{"line":83,"column":3}},"83":{"start":{"line":84,"column":0},"end":{"line":84,"column":45}},"85":{"start":{"line":86,"column":0},"end":{"line":86,"column":32}},"86":{"start":{"line":87,"column":0},"end":{"line":87,"column":1}},"91":{"start":{"line":92,"column":0},"end":{"line":92,"column":37}},"92":{"start":{"line":93,"column":0},"end":{"line":93,"column":15}},"93":{"start":{"line":94,"column":0},"end":{"line":94,"column":16}},"94":{"start":{"line":95,"column":0},"end":{"line":95,"column":15}},"95":{"start":{"line":96,"column":0},"end":{"line":96,"column":19}},"96":{"start":{"line":97,"column":0},"end":{"line":97,"column":45}},"98":{"start":{"line":99,"column":0},"end":{"line":99,"column":10}},"99":{"start":{"line":100,"column":0},"end":{"line":100,"column":9}},"100":{"start":{"line":101,"column":0},"end":{"line":101,"column":10}},"101":{"start":{"line":102,"column":0},"end":{"line":102,"column":10}},"102":{"start":{"line":103,"column":0},"end":{"line":103,"column":15}},"103":{"start":{"line":104,"column":0},"end":{"line":104,"column":35}},"104":{"start":{"line":105,"column":0},"end":{"line":105,"column":29}},"105":{"start":{"line":106,"column":0},"end":{"line":106,"column":3}},"106":{"start":{"line":107,"column":0},"end":{"line":107,"column":1}},"111":{"start":{"line":112,"column":0},"end":{"line":112,"column":64}},"112":{"start":{"line":113,"column":0},"end":{"line":113,"column":11}},"113":{"start":{"line":114,"column":0},"end":{"line":114,"column":11}},"114":{"start":{"line":115,"column":0},"end":{"line":115,"column":74}},"115":{"start":{"line":116,"column":0},"end":{"line":116,"column":1}},"120":{"start":{"line":121,"column":0},"end":{"line":121,"column":77}},"121":{"start":{"line":122,"column":0},"end":{"line":122,"column":7}},"122":{"start":{"line":123,"column":0},"end":{"line":123,"column":67}},"123":{"start":{"line":124,"column":0},"end":{"line":124,"column":30}},"124":{"start":{"line":125,"column":0},"end":{"line":125,"column":11}},"125":{"start":{"line":126,"column":0},"end":{"line":126,"column":15}},"126":{"start":{"line":127,"column":0},"end":{"line":127,"column":3}},"127":{"start":{"line":128,"column":0},"end":{"line":128,"column":1}},"132":{"start":{"line":133,"column":0},"end":{"line":133,"column":78}},"133":{"start":{"line":134,"column":0},"end":{"line":134,"column":12}},"134":{"start":{"line":135,"column":0},"end":{"line":135,"column":16}},"135":{"start":{"line":136,"column":0},"end":{"line":136,"column":18}},"136":{"start":{"line":137,"column":0},"end":{"line":137,"column":25}},"137":{"start":{"line":138,"column":0},"end":{"line":138,"column":10}},"138":{"start":{"line":139,"column":0},"end":{"line":139,"column":10}},"139":{"start":{"line":140,"column":0},"end":{"line":140,"column":12}},"140":{"start":{"line":141,"column":0},"end":{"line":141,"column":43}},"141":{"start":{"line":142,"column":0},"end":{"line":142,"column":44}},"142":{"start":{"line":143,"column":0},"end":{"line":143,"column":18}},"143":{"start":{"line":144,"column":0},"end":{"line":144,"column":36}},"144":{"start":{"line":145,"column":0},"end":{"line":145,"column":30}},"145":{"start":{"line":146,"column":0},"end":{"line":146,"column":17}},"146":{"start":{"line":147,"column":0},"end":{"line":147,"column":3}},"147":{"start":{"line":148,"column":0},"end":{"line":148,"column":1}},"152":{"start":{"line":153,"column":0},"end":{"line":153,"column":33}},"153":{"start":{"line":154,"column":0},"end":{"line":154,"column":13}},"154":{"start":{"line":155,"column":0},"end":{"line":155,"column":27}},"155":{"start":{"line":156,"column":0},"end":{"line":156,"column":25}},"156":{"start":{"line":157,"column":0},"end":{"line":157,"column":67}},"157":{"start":{"line":158,"column":0},"end":{"line":158,"column":59}},"158":{"start":{"line":159,"column":0},"end":{"line":159,"column":62}},"160":{"start":{"line":161,"column":0},"end":{"line":161,"column":10}},"161":{"start":{"line":162,"column":0},"end":{"line":162,"column":24}},"162":{"start":{"line":163,"column":0},"end":{"line":163,"column":8}},"163":{"start":{"line":164,"column":0},"end":{"line":164,"column":3}},"164":{"start":{"line":165,"column":0},"end":{"line":165,"column":1}},"169":{"start":{"line":170,"column":0},"end":{"line":170,"column":67}},"173":{"start":{"line":174,"column":0},"end":{"line":174,"column":3}},"174":{"start":{"line":175,"column":0},"end":{"line":175,"column":61}},"175":{"start":{"line":176,"column":0},"end":{"line":176,"column":10}},"176":{"start":{"line":177,"column":0},"end":{"line":177,"column":10}},"177":{"start":{"line":178,"column":0},"end":{"line":178,"column":11}},"178":{"start":{"line":179,"column":0},"end":{"line":179,"column":42}},"179":{"start":{"line":180,"column":0},"end":{"line":180,"column":3}},"180":{"start":{"line":181,"column":0},"end":{"line":181,"column":1}},"185":{"start":{"line":186,"column":0},"end":{"line":186,"column":44}},"186":{"start":{"line":187,"column":0},"end":{"line":187,"column":18}},"187":{"start":{"line":188,"column":0},"end":{"line":188,"column":36}},"188":{"start":{"line":189,"column":0},"end":{"line":189,"column":47}},"193":{"start":{"line":194,"column":0},"end":{"line":194,"column":3}},"194":{"start":{"line":195,"column":0},"end":{"line":195,"column":71}},"196":{"start":{"line":197,"column":0},"end":{"line":197,"column":16}},"197":{"start":{"line":198,"column":0},"end":{"line":198,"column":12}},"198":{"start":{"line":199,"column":0},"end":{"line":199,"column":29}},"199":{"start":{"line":200,"column":0},"end":{"line":200,"column":79}},"200":{"start":{"line":201,"column":0},"end":{"line":201,"column":5}},"201":{"start":{"line":202,"column":0},"end":{"line":202,"column":3}},"203":{"start":{"line":204,"column":0},"end":{"line":204,"column":36}},"204":{"start":{"line":205,"column":0},"end":{"line":205,"column":16}},"205":{"start":{"line":206,"column":0},"end":{"line":206,"column":12}},"206":{"start":{"line":207,"column":0},"end":{"line":207,"column":29}},"207":{"start":{"line":208,"column":0},"end":{"line":208,"column":79}},"208":{"start":{"line":209,"column":0},"end":{"line":209,"column":5}},"209":{"start":{"line":210,"column":0},"end":{"line":210,"column":3}},"211":{"start":{"line":212,"column":0},"end":{"line":212,"column":10}},"212":{"start":{"line":213,"column":0},"end":{"line":213,"column":27}},"213":{"start":{"line":214,"column":0},"end":{"line":214,"column":41}},"214":{"start":{"line":215,"column":0},"end":{"line":215,"column":30}},"215":{"start":{"line":216,"column":0},"end":{"line":216,"column":30}},"216":{"start":{"line":217,"column":0},"end":{"line":217,"column":77}},"217":{"start":{"line":218,"column":0},"end":{"line":218,"column":3}},"218":{"start":{"line":219,"column":0},"end":{"line":219,"column":1}}},"s":{"57":0,"58":0,"59":0,"60":0,"61":0,"66":0,"67":0,"68":0,"73":0,"77":0,"78":0,"79":0,"80":0,"81":0,"82":0,"83":0,"85":0,"86":0,"91":0,"92":0,"93":0,"94":0,"95":0,"96":0,"98":0,"99":0,"100":0,"101":0,"102":0,"103":0,"104":0,"105":0,"106":0,"111":0,"112":0,"113":0,"114":0,"115":0,"120":0,"121":0,"122":0,"123":0,"124":0,"125":0,"126":0,"127":0,"132":0,"133":0,"134":0,"135":0,"136":0,"137":0,"138":0,"139":0,"140":0,"141":0,"142":0,"143":0,"144":0,"145":0,"146":0,"147":0,"152":0,"153":0,"154":0,"155":0,"156":0,"157":0,"158":0,"160":0,"161":0,"162":0,"163":0,"164":0,"169":0,"173":0,"174":0,"175":0,"176":0,"177":0,"178":0,"179":0,"180":0,"185":0,"186":0,"187":0,"188":0,"193":0,"194":0,"196":0,"197":0,"198":0,"199":0,"200":0,"201":0,"203":0,"204":0,"205":0,"206":0,"207":0,"208":0,"209":0,"211":0,"212":0,"213":0,"214":0,"215":0,"216":0,"217":0,"218":0},"branchMap":{"0":{"type":"branch","line":1,"loc":{"start":{"line":1,"column":4354},"end":{"line":219,"column":1}},"locations":[{"start":{"line":1,"column":4354},"end":{"line":219,"column":1}}]}},"b":{"0":[1]},"fnMap":{"0":{"name":"(empty-report)","decl":{"start":{"line":1,"column":4354},"end":{"line":219,"column":1}},"loc":{"start":{"line":1,"column":4354},"end":{"line":219,"column":1}},"line":1}},"f":{"0":1}}}}
 % Coverage report from v8
---------------|---------|----------|---------|---------|-----------------------
File           | % Stmts | % Branch | % Funcs | % Lines | Uncovered Line #s     
---------------|---------|----------|---------|---------|-----------------------
All files      |   64.41 |    91.54 |     100 |   64.41 |                       
 errors.ts     |   95.95 |    86.36 |     100 |   95.95 | ...72,275-276,281-282 
 format.ts     |     100 |      100 |     100 |     100 |                       
 index.ts      |       0 |      100 |     100 |       0 | 14-17                 
 pagination.ts |       0 |      100 |     100 |       0 | 58-219                
 validation.ts |     100 |      100 |     100 |     100 |                       
---------------|---------|----------|---------|---------|-----------------------
